01-Oct-2019 00:15:15.335 INFO [main] org.apache.catalina.startup.VersionLoggerListener.log Server version:        Apache Tomcat/8.5.42
01-Oct-2019 00:15:15.341 INFO [main] org.apache.catalina.startup.VersionLoggerListener.log Server built:          Jun 4 2019 20:29:04 UTC
01-Oct-2019 00:15:15.344 INFO [main] org.apache.catalina.startup.VersionLoggerListener.log Server number:         8.5.42.0
01-Oct-2019 00:15:15.344 INFO [main] org.apache.catalina.startup.VersionLoggerListener.log OS Name:               Mac OS X
01-Oct-2019 00:15:15.344 INFO [main] org.apache.catalina.startup.VersionLoggerListener.log OS Version:            10.14.1
01-Oct-2019 00:15:15.344 INFO [main] org.apache.catalina.startup.VersionLoggerListener.log Architecture:          x86_64
01-Oct-2019 00:15:15.345 INFO [main] org.apache.catalina.startup.VersionLoggerListener.log Java Home:             /Library/Java/JavaVirtualMachines/jdk-11.0.1.jdk/Contents/Home
01-Oct-2019 00:15:15.345 INFO [main] org.apache.catalina.startup.VersionLoggerListener.log JVM Version:           11.0.1+13-LTS
01-Oct-2019 00:15:15.345 INFO [main] org.apache.catalina.startup.VersionLoggerListener.log JVM Vendor:            Oracle Corporation
01-Oct-2019 00:15:15.345 INFO [main] org.apache.catalina.startup.VersionLoggerListener.log CATALINA_BASE:         /Users/jakin/Desktop/Tomcat
01-Oct-2019 00:15:15.346 INFO [main] org.apache.catalina.startup.VersionLoggerListener.log CATALINA_HOME:         /Users/jakin/Desktop/Tomcat
01-Oct-2019 00:15:15.348 INFO [main] org.apache.catalina.startup.VersionLoggerListener.log Command line argument: --add-opens=java.base/java.lang=ALL-UNNAMED
01-Oct-2019 00:15:15.348 INFO [main] org.apache.catalina.startup.VersionLoggerListener.log Command line argument: --add-opens=java.base/java.io=ALL-UNNAMED
01-Oct-2019 00:15:15.348 INFO [main] org.apache.catalina.startup.VersionLoggerListener.log Command line argument: --add-opens=java.rmi/sun.rmi.transport=ALL-UNNAMED
01-Oct-2019 00:15:15.348 INFO [main] org.apache.catalina.startup.VersionLoggerListener.log Command line argument: -Djava.util.logging.config.file=/Users/jakin/desktop/tomcat/conf/logging.properties
01-Oct-2019 00:15:15.349 INFO [main] org.apache.catalina.startup.VersionLoggerListener.log Command line argument: -Djava.util.logging.manager=org.apache.juli.ClassLoaderLogManager
01-Oct-2019 00:15:15.349 INFO [main] org.apache.catalina.startup.VersionLoggerListener.log Command line argument: -Djdk.tls.ephemeralDHKeySize=2048
01-Oct-2019 00:15:15.349 INFO [main] org.apache.catalina.startup.VersionLoggerListener.log Command line argument: -Djava.protocol.handler.pkgs=org.apache.catalina.webresources
01-Oct-2019 00:15:15.349 INFO [main] org.apache.catalina.startup.VersionLoggerListener.log Command line argument: -Dorg.apache.catalina.security.SecurityListener.UMASK=0027
01-Oct-2019 00:15:15.349 INFO [main] org.apache.catalina.startup.VersionLoggerListener.log Command line argument: -Dignore.endorsed.dirs=
01-Oct-2019 00:15:15.349 INFO [main] org.apache.catalina.startup.VersionLoggerListener.log Command line argument: -Dcatalina.base=/Users/jakin/desktop/tomcat
01-Oct-2019 00:15:15.350 INFO [main] org.apache.catalina.startup.VersionLoggerListener.log Command line argument: -Dcatalina.home=/Users/jakin/desktop/tomcat
01-Oct-2019 00:15:15.350 INFO [main] org.apache.catalina.startup.VersionLoggerListener.log Command line argument: -Djava.io.tmpdir=/Users/jakin/desktop/tomcat/temp
01-Oct-2019 00:15:15.350 INFO [main] org.apache.catalina.core.AprLifecycleListener.lifecycleEvent The APR based Apache Tomcat Native library which allows optimal performance in production environments was not found on the java.library.path: [/Users/jakin/Library/Java/Extensions:/Library/Java/Extensions:/Network/Library/Java/Extensions:/System/Library/Java/Extensions:/usr/lib/java:.]
01-Oct-2019 00:15:15.413 INFO [main] org.apache.coyote.AbstractProtocol.init Initializing ProtocolHandler ["http-nio-8080"]
01-Oct-2019 00:15:15.459 INFO [main] org.apache.tomcat.util.net.NioSelectorPool.getSharedSelector Using a shared selector for servlet write/read
01-Oct-2019 00:15:15.488 INFO [main] org.apache.coyote.AbstractProtocol.init Initializing ProtocolHandler ["ajp-nio-8009"]
01-Oct-2019 00:15:15.497 INFO [main] org.apache.tomcat.util.net.NioSelectorPool.getSharedSelector Using a shared selector for servlet write/read
01-Oct-2019 00:15:15.498 INFO [main] org.apache.catalina.startup.Catalina.load Initialization processed in 1277 ms
01-Oct-2019 00:15:15.643 INFO [main] org.apache.catalina.core.StandardService.startInternal Starting service [Catalina]
01-Oct-2019 00:15:15.644 INFO [main] org.apache.catalina.core.StandardEngine.startInternal Starting Servlet Engine: Apache Tomcat/8.5.42
01-Oct-2019 00:15:15.660 INFO [localhost-startStop-1] org.apache.catalina.startup.HostConfig.deployDirectory Deploying web application directory [/Users/jakin/Desktop/Tomcat/webapps/MyLab]
01-Oct-2019 00:15:16.194 INFO [localhost-startStop-1] org.apache.catalina.startup.HostConfig.deployDirectory Deployment of web application directory [/Users/jakin/Desktop/Tomcat/webapps/MyLab] has finished in [533] ms
01-Oct-2019 00:15:16.195 INFO [localhost-startStop-1] org.apache.catalina.startup.HostConfig.deployDirectory Deploying web application directory [/Users/jakin/Desktop/Tomcat/webapps/docs]
01-Oct-2019 00:15:16.219 INFO [localhost-startStop-1] org.apache.catalina.startup.HostConfig.deployDirectory Deployment of web application directory [/Users/jakin/Desktop/Tomcat/webapps/docs] has finished in [24] ms
01-Oct-2019 00:15:16.220 INFO [localhost-startStop-1] org.apache.catalina.startup.HostConfig.deployDirectory Deploying web application directory [/Users/jakin/Desktop/Tomcat/webapps/manager]
01-Oct-2019 00:15:16.309 INFO [localhost-startStop-1] org.apache.catalina.startup.HostConfig.deployDirectory Deployment of web application directory [/Users/jakin/Desktop/Tomcat/webapps/manager] has finished in [89] ms
01-Oct-2019 00:15:16.309 INFO [localhost-startStop-1] org.apache.catalina.startup.HostConfig.deployDirectory Deploying web application directory [/Users/jakin/Desktop/Tomcat/webapps/examples]
01-Oct-2019 00:15:16.743 INFO [localhost-startStop-1] org.apache.catalina.startup.HostConfig.deployDirectory Deployment of web application directory [/Users/jakin/Desktop/Tomcat/webapps/examples] has finished in [434] ms
01-Oct-2019 00:15:16.743 INFO [localhost-startStop-1] org.apache.catalina.startup.HostConfig.deployDirectory Deploying web application directory [/Users/jakin/Desktop/Tomcat/webapps/ROOT]
01-Oct-2019 00:15:16.764 INFO [localhost-startStop-1] org.apache.catalina.startup.HostConfig.deployDirectory Deployment of web application directory [/Users/jakin/Desktop/Tomcat/webapps/ROOT] has finished in [21] ms
01-Oct-2019 00:15:16.764 INFO [localhost-startStop-1] org.apache.catalina.startup.HostConfig.deployDirectory Deploying web application directory [/Users/jakin/Desktop/Tomcat/webapps/host-manager]
01-Oct-2019 00:15:16.789 INFO [localhost-startStop-1] org.apache.catalina.startup.HostConfig.deployDirectory Deployment of web application directory [/Users/jakin/Desktop/Tomcat/webapps/host-manager] has finished in [25] ms
01-Oct-2019 00:15:16.794 INFO [main] org.apache.coyote.AbstractProtocol.start Starting ProtocolHandler ["http-nio-8080"]
01-Oct-2019 00:15:16.803 INFO [main] org.apache.coyote.AbstractProtocol.start Starting ProtocolHandler ["ajp-nio-8009"]
01-Oct-2019 00:15:16.805 INFO [main] org.apache.catalina.startup.Catalina.start Server startup in 1306 ms
01-Oct-2019 00:22:09.970 INFO [Thread-4] org.apache.coyote.AbstractProtocol.pause Pausing ProtocolHandler ["http-nio-8080"]
01-Oct-2019 00:22:09.993 INFO [Thread-4] org.apache.coyote.AbstractProtocol.pause Pausing ProtocolHandler ["ajp-nio-8009"]
01-Oct-2019 00:22:10.002 INFO [Thread-4] org.apache.catalina.core.StandardService.stopInternal Stopping service [Catalina]
01-Oct-2019 00:22:10.066 INFO [Thread-4] org.apache.coyote.AbstractProtocol.stop Stopping ProtocolHandler ["http-nio-8080"]
01-Oct-2019 00:22:10.072 INFO [Thread-4] org.apache.coyote.AbstractProtocol.stop Stopping ProtocolHandler ["ajp-nio-8009"]
01-Oct-2019 00:22:10.076 INFO [Thread-4] org.apache.coyote.AbstractProtocol.destroy Destroying ProtocolHandler ["http-nio-8080"]
01-Oct-2019 00:22:10.078 INFO [Thread-4] org.apache.coyote.AbstractProtocol.destroy Destroying ProtocolHandler ["ajp-nio-8009"]
