24-Jun-2019 19:14:11.217 INFO [main] org.apache.catalina.startup.VersionLoggerListener.log Server version:        Apache Tomcat/8.5.42
24-Jun-2019 19:14:11.223 INFO [main] org.apache.catalina.startup.VersionLoggerListener.log Server built:          Jun 4 2019 20:29:04 UTC
24-Jun-2019 19:14:11.223 INFO [main] org.apache.catalina.startup.VersionLoggerListener.log Server number:         8.5.42.0
24-Jun-2019 19:14:11.223 INFO [main] org.apache.catalina.startup.VersionLoggerListener.log OS Name:               Mac OS X
24-Jun-2019 19:14:11.224 INFO [main] org.apache.catalina.startup.VersionLoggerListener.log OS Version:            10.14.1
24-Jun-2019 19:14:11.224 INFO [main] org.apache.catalina.startup.VersionLoggerListener.log Architecture:          x86_64
24-Jun-2019 19:14:11.224 INFO [main] org.apache.catalina.startup.VersionLoggerListener.log Java Home:             /Library/Java/JavaVirtualMachines/jdk-11.0.1.jdk/Contents/Home
24-Jun-2019 19:14:11.224 INFO [main] org.apache.catalina.startup.VersionLoggerListener.log JVM Version:           11.0.1+13-LTS
24-Jun-2019 19:14:11.224 INFO [main] org.apache.catalina.startup.VersionLoggerListener.log JVM Vendor:            Oracle Corporation
24-Jun-2019 19:14:11.224 INFO [main] org.apache.catalina.startup.VersionLoggerListener.log CATALINA_BASE:         /Users/jakin/Desktop/Tomcat
24-Jun-2019 19:14:11.225 INFO [main] org.apache.catalina.startup.VersionLoggerListener.log CATALINA_HOME:         /Users/jakin/Desktop/Tomcat
24-Jun-2019 19:14:11.231 INFO [main] org.apache.catalina.startup.VersionLoggerListener.log Command line argument: --add-opens=java.base/java.lang=ALL-UNNAMED
24-Jun-2019 19:14:11.232 INFO [main] org.apache.catalina.startup.VersionLoggerListener.log Command line argument: --add-opens=java.base/java.io=ALL-UNNAMED
24-Jun-2019 19:14:11.233 INFO [main] org.apache.catalina.startup.VersionLoggerListener.log Command line argument: --add-opens=java.rmi/sun.rmi.transport=ALL-UNNAMED
24-Jun-2019 19:14:11.235 INFO [main] org.apache.catalina.startup.VersionLoggerListener.log Command line argument: -Djava.util.logging.config.file=/Users/jakin/desktop/Tomcat/conf/logging.properties
24-Jun-2019 19:14:11.236 INFO [main] org.apache.catalina.startup.VersionLoggerListener.log Command line argument: -Djava.util.logging.manager=org.apache.juli.ClassLoaderLogManager
24-Jun-2019 19:14:11.237 INFO [main] org.apache.catalina.startup.VersionLoggerListener.log Command line argument: -Djdk.tls.ephemeralDHKeySize=2048
24-Jun-2019 19:14:11.238 INFO [main] org.apache.catalina.startup.VersionLoggerListener.log Command line argument: -Djava.protocol.handler.pkgs=org.apache.catalina.webresources
24-Jun-2019 19:14:11.239 INFO [main] org.apache.catalina.startup.VersionLoggerListener.log Command line argument: -Dorg.apache.catalina.security.SecurityListener.UMASK=0027
24-Jun-2019 19:14:11.239 INFO [main] org.apache.catalina.startup.VersionLoggerListener.log Command line argument: -Dignore.endorsed.dirs=
24-Jun-2019 19:14:11.239 INFO [main] org.apache.catalina.startup.VersionLoggerListener.log Command line argument: -Dcatalina.base=/Users/jakin/desktop/Tomcat
24-Jun-2019 19:14:11.240 INFO [main] org.apache.catalina.startup.VersionLoggerListener.log Command line argument: -Dcatalina.home=/Users/jakin/desktop/Tomcat
24-Jun-2019 19:14:11.240 INFO [main] org.apache.catalina.startup.VersionLoggerListener.log Command line argument: -Djava.io.tmpdir=/Users/jakin/desktop/Tomcat/temp
24-Jun-2019 19:14:11.240 INFO [main] org.apache.catalina.core.AprLifecycleListener.lifecycleEvent The APR based Apache Tomcat Native library which allows optimal performance in production environments was not found on the java.library.path: [/Users/jakin/Library/Java/Extensions:/Library/Java/Extensions:/Network/Library/Java/Extensions:/System/Library/Java/Extensions:/usr/lib/java:.]
24-Jun-2019 19:14:11.353 INFO [main] org.apache.coyote.AbstractProtocol.init Initializing ProtocolHandler ["http-nio-8080"]
24-Jun-2019 19:14:11.428 INFO [main] org.apache.tomcat.util.net.NioSelectorPool.getSharedSelector Using a shared selector for servlet write/read
24-Jun-2019 19:14:11.450 INFO [main] org.apache.coyote.AbstractProtocol.init Initializing ProtocolHandler ["ajp-nio-8009"]
24-Jun-2019 19:14:11.451 INFO [main] org.apache.tomcat.util.net.NioSelectorPool.getSharedSelector Using a shared selector for servlet write/read
24-Jun-2019 19:14:11.452 INFO [main] org.apache.catalina.startup.Catalina.load Initialization processed in 1493 ms
24-Jun-2019 19:14:11.555 INFO [main] org.apache.catalina.core.StandardService.startInternal Starting service [Catalina]
24-Jun-2019 19:14:11.559 INFO [main] org.apache.catalina.core.StandardEngine.startInternal Starting Servlet Engine: Apache Tomcat/8.5.42
24-Jun-2019 19:14:11.589 INFO [localhost-startStop-1] org.apache.catalina.startup.HostConfig.deployDirectory Deploying web application directory [/Users/jakin/Desktop/Tomcat/webapps/MyLab]
24-Jun-2019 19:14:12.134 INFO [localhost-startStop-1] org.apache.catalina.startup.HostConfig.deployDirectory Deployment of web application directory [/Users/jakin/Desktop/Tomcat/webapps/MyLab] has finished in [544] ms
24-Jun-2019 19:14:12.135 INFO [localhost-startStop-1] org.apache.catalina.startup.HostConfig.deployDirectory Deploying web application directory [/Users/jakin/Desktop/Tomcat/webapps/docs]
24-Jun-2019 19:14:12.159 INFO [localhost-startStop-1] org.apache.catalina.startup.HostConfig.deployDirectory Deployment of web application directory [/Users/jakin/Desktop/Tomcat/webapps/docs] has finished in [23] ms
24-Jun-2019 19:14:12.160 INFO [localhost-startStop-1] org.apache.catalina.startup.HostConfig.deployDirectory Deploying web application directory [/Users/jakin/Desktop/Tomcat/webapps/manager]
24-Jun-2019 19:14:12.201 INFO [localhost-startStop-1] org.apache.catalina.startup.HostConfig.deployDirectory Deployment of web application directory [/Users/jakin/Desktop/Tomcat/webapps/manager] has finished in [41] ms
24-Jun-2019 19:14:12.202 INFO [localhost-startStop-1] org.apache.catalina.startup.HostConfig.deployDirectory Deploying web application directory [/Users/jakin/Desktop/Tomcat/webapps/examples]
24-Jun-2019 19:14:12.533 INFO [localhost-startStop-1] org.apache.catalina.startup.HostConfig.deployDirectory Deployment of web application directory [/Users/jakin/Desktop/Tomcat/webapps/examples] has finished in [331] ms
24-Jun-2019 19:14:12.533 INFO [localhost-startStop-1] org.apache.catalina.startup.HostConfig.deployDirectory Deploying web application directory [/Users/jakin/Desktop/Tomcat/webapps/ROOT]
24-Jun-2019 19:14:12.549 INFO [localhost-startStop-1] org.apache.catalina.startup.HostConfig.deployDirectory Deployment of web application directory [/Users/jakin/Desktop/Tomcat/webapps/ROOT] has finished in [16] ms
24-Jun-2019 19:14:12.550 INFO [localhost-startStop-1] org.apache.catalina.startup.HostConfig.deployDirectory Deploying web application directory [/Users/jakin/Desktop/Tomcat/webapps/host-manager]
24-Jun-2019 19:14:12.575 INFO [localhost-startStop-1] org.apache.catalina.startup.HostConfig.deployDirectory Deployment of web application directory [/Users/jakin/Desktop/Tomcat/webapps/host-manager] has finished in [24] ms
24-Jun-2019 19:14:12.580 INFO [main] org.apache.coyote.AbstractProtocol.start Starting ProtocolHandler ["http-nio-8080"]
24-Jun-2019 19:14:12.589 INFO [main] org.apache.coyote.AbstractProtocol.start Starting ProtocolHandler ["ajp-nio-8009"]
24-Jun-2019 19:14:12.591 INFO [main] org.apache.catalina.startup.Catalina.start Server startup in 1138 ms
24-Jun-2019 19:17:07.239 INFO [main] org.apache.catalina.core.StandardServer.await A valid shutdown command was received via the shutdown port. Stopping the Server instance.
24-Jun-2019 19:17:07.239 INFO [main] org.apache.coyote.AbstractProtocol.pause Pausing ProtocolHandler ["http-nio-8080"]
24-Jun-2019 19:17:07.249 INFO [main] org.apache.coyote.AbstractProtocol.pause Pausing ProtocolHandler ["ajp-nio-8009"]
24-Jun-2019 19:17:07.256 INFO [main] org.apache.catalina.core.StandardService.stopInternal Stopping service [Catalina]
24-Jun-2019 19:17:07.311 INFO [main] org.apache.coyote.AbstractProtocol.stop Stopping ProtocolHandler ["http-nio-8080"]
24-Jun-2019 19:17:07.315 INFO [main] org.apache.coyote.AbstractProtocol.stop Stopping ProtocolHandler ["ajp-nio-8009"]
24-Jun-2019 19:17:07.316 INFO [main] org.apache.coyote.AbstractProtocol.destroy Destroying ProtocolHandler ["http-nio-8080"]
24-Jun-2019 19:17:07.317 INFO [main] org.apache.coyote.AbstractProtocol.destroy Destroying ProtocolHandler ["ajp-nio-8009"]
